This is pdfTeX, Version 3.14159265-2.6-1.40.17 (TeX Live 2016/Debian) (preloaded format=pdflatex 2018.10.9)  6 MAY 2020 19:57
entering extended mode
 restricted \write18 enabled.
 file:line:error style messages enabled.
 %&-line parsing enabled.
**PhDThesis_CARREAU.tex
(./PhDThesis_CARREAU.tex
LaTeX2e <2017/01/01> patch level 3
Babel <3.9r> and hyphenation patterns for 83 language(s) loaded.
(/usr/share/texlive/texmf-dist/tex/latex/base/book.cls
Document Class: book 2014/09/29 v1.4h Standard LaTeX document class
(/usr/share/texlive/texmf-dist/tex/latex/base/bk11.clo
File: bk11.clo 2014/09/29 v1.4h Standard LaTeX file (size option)
)
\c@part=\count79
\c@chapter=\count80
\c@section=\count81
\c@subsection=\count82
\c@subsubsection=\count83
\c@paragraph=\count84
\c@subparagraph=\count85
\c@figure=\count86
\c@table=\count87
\abovecaptionskip=\skip41
\belowcaptionskip=\skip42
\bibindent=\dimen102
) (./sections/packages.tex (/usr/share/texlive/texmf-dist/tex/latex/base/inputenc.sty
Package: inputenc 2015/03/17 v1.2c Input encoding file
\inpenc@prehook=\toks14
\inpenc@posthook=\toks15
 (/usr/share/texlive/texmf-dist/tex/latex/base/utf8.def
File: utf8.def 2017/01/28 v1.1t UTF-8 support for inputenc
Now handling font encoding OML ...
... no UTF-8 mapping file for font encoding OML
Now handling font encoding T1 ...
... processing UTF-8 mapping file for font encoding T1
 (/usr/share/texlive/texmf-dist/tex/latex/base/t1enc.dfu
File: t1enc.dfu 2017/01/28 v1.1t UTF-8 support for inputenc
   defining Unicode char U+00A0 (decimal 160)
   defining Unicode char U+00A1 (decimal 161)
   defining Unicode char U+00A3 (decimal 163)
   defining Unicode char U+00AB (decimal 171)
   defining Unicode char U+00AD (decimal 173)
   defining Unicode char U+00BB (decimal 187)
   defining Unicode char U+00BF (decimal 191)
   defining Unicode char U+00C0 (decimal 192)
   defining Unicode char U+00C1 (decimal 193)
   defining Unicode char U+00C2 (decimal 194)
   defining Unicode char U+00C3 (decimal 195)
   defining Unicode char U+00C4 (decimal 196)
   defining Unicode char U+00C5 (decimal 197)
   defining Unicode char U+00C6 (decimal 198)
   defining Unicode char U+00C7 (decimal 199)
   defining Unicode char U+00C8 (decimal 200)
   defining Unicode char U+00C9 (decimal 201)
   defining Unicode char U+00CA (decimal 202)
   defining Unicode char U+00CB (decimal 203)
   defining Unicode char U+00CC (decimal 204)
   defining Unicode char U+00CD (decimal 205)
   defining Unicode char U+00CE (decimal 206)
   defining Unicode char U+00CF (decimal 207)
   defining Unicode char U+00D0 (decimal 208)
   defining Unicode char U+00D1 (decimal 209)
   defining Unicode char U+00D2 (decimal 210)
   defining Unicode char U+00D3 (decimal 211)
   defining Unicode char U+00D4 (decimal 212)
   defining Unicode char U+00D5 (decimal 213)
   defining Unicode char U+00D6 (decimal 214)
   defining Unicode char U+00D8 (decimal 216)
   defining Unicode char U+00D9 (decimal 217)
   defining Unicode char U+00DA (decimal 218)
   defining Unicode char U+00DB (decimal 219)
   defining Unicode char U+00DC (decimal 220)
   defining Unicode char U+00DD (decimal 221)
   defining Unicode char U+00DE (decimal 222)
   defining Unicode char U+00DF (decimal 223)
   defining Unicode char U+00E0 (decimal 224)
   defining Unicode char U+00E1 (decimal 225)
   defining Unicode char U+00E2 (decimal 226)
   defining Unicode char U+00E3 (decimal 227)
   defining Unicode char U+00E4 (decimal 228)
   defining Unicode char U+00E5 (decimal 229)
   defining Unicode char U+00E6 (decimal 230)
   defining Unicode char U+00E7 (decimal 231)
   defining Unicode char U+00E8 (decimal 232)
   defining Unicode char U+00E9 (decimal 233)
   defining Unicode char U+00EA (decimal 234)
   defining Unicode char U+00EB (decimal 235)
   defining Unicode char U+00EC (decimal 236)
   defining Unicode char U+00ED (decimal 237)
   defining Unicode char U+00EE (decimal 238)
   defining Unicode char U+00EF (decimal 239)
   defining Unicode char U+00F0 (decimal 240)
   defining Unicode char U+00F1 (decimal 241)
   defining Unicode char U+00F2 (decimal 242)
   defining Unicode char U+00F3 (decimal 243)
   defining Unicode char U+00F4 (decimal 244)
   defining Unicode char U+00F5 (decimal 245)
   defining Unicode char U+00F6 (decimal 246)
   defining Unicode char U+00F8 (decimal 248)
   defining Unicode char U+00F9 (decimal 249)
   defining Unicode char U+00FA (decimal 250)
   defining Unicode char U+00FB (decimal 251)
   defining Unicode char U+00FC (decimal 252)
   defining Unicode char U+00FD (decimal 253)
   defining Unicode char U+00FE (decimal 254)
   defining Unicode char U+00FF (decimal 255)
   defining Unicode char U+0100 (decimal 256)
   defining Unicode char U+0101 (decimal 257)
   defining Unicode char U+0102 (decimal 258)
   defining Unicode char U+0103 (decimal 259)
   defining Unicode char U+0104 (decimal 260)
   defining Unicode char U+0105 (decimal 261)
   defining Unicode char U+0106 (decimal 262)
   defining Unicode char U+0107 (decimal 263)
   defining Unicode char U+0108 (decimal 264)
   defining Unicode char U+0109 (decimal 265)
   defining Unicode char U+010A (decimal 266)
   defining Unicode char U+010B (decimal 267)
   defining Unicode char U+010C (decimal 268)
   defining Unicode char U+010D (decimal 269)
   defining Unicode char U+010E (decimal 270)
   defining Unicode char U+010F (decimal 271)
   defining Unicode char U+0110 (decimal 272)
   defining Unicode char U+0111 (decimal 273)
   defining Unicode char U+0112 (decimal 274)
   defining Unicode char U+0113 (decimal 275)
   defining Unicode char U+0114 (decimal 276)
   defining Unicode char U+0115 (decimal 277)
   defining Unicode char U+0116 (decimal 278)
   defining Unicode char U+0117 (decimal 279)
   defining Unicode char U+0118 (decimal 280)
   defining Unicode char U+0119 (decimal 281)
   defining Unicode char U+011A (decimal 282)
   defining Unicode char U+011B (decimal 283)
   defining Unicode char U+011C (decimal 284)
   defining Unicode char U+011D (decimal 285)
   defining Unicode char U+011E (decimal 286)
   defining Unicode char U+011F (decimal 287)
   defining Unicode char U+0120 (decimal 288)
   defining Unicode char U+0121 (decimal 289)
   defining Unicode char U+0122 (decimal 290)
   defining Unicode char U+0123 (decimal 291)
   defining Unicode char U+0124 (decimal 292)
   defining Unicode char U+0125 (decimal 293)
   defining Unicode char U+0128 (decimal 296)
   defining Unicode char U+0129 (decimal 297)
   defining Unicode char U+012A (decimal 298)
   defining Unicode char U+012B (decimal 299)
   defining Unicode char U+012C (decimal 300)
   defining Unicode char U+012D (decimal 301)
   defining Unicode char U+012E (decimal 302)
   defining Unicode char U+012F (decimal 303)
   defining Unicode char U+0130 (decimal 304)
   defining Unicode char U+0131 (decimal 305)
   defining Unicode char U+0132 (decimal 306)
   defining Unicode char U+0133 (decimal 307)
   defining Unicode char U+0134 (decimal 308)
   defining Unicode char U+0135 (decimal 309)
   defining Unicode char U+0136 (decimal 310)
   defining Unicode char U+0137 (decimal 311)
   defining Unicode char U+0139 (decimal 313)
   defining Unicode char U+013A (decimal 314)
   defining Unicode char U+013B (decimal 315)
   defining Unicode char U+013C (decimal 316)
   defining Unicode char U+013D (decimal 317)
   defining Unicode char U+013E (decimal 318)
   defining Unicode char U+0141 (decimal 321)
   defining Unicode char U+0142 (decimal 322)
   defining Unicode char U+0143 (decimal 323)
   defining Unicode char U+0144 (decimal 324)
   defining Unicode char U+0145 (decimal 325)
   defining Unicode char U+0146 (decimal 326)
   defining Unicode char U+0147 (decimal 327)
   defining Unicode char U+0148 (decimal 328)
   defining Unicode char U+014A (decimal 330)
   defining Unicode char U+014B (decimal 331)
   defining Unicode char U+014C (decimal 332)
   defining Unicode char U+014D (decimal 333)
   defining Unicode char U+014E (decimal 334)
   defining Unicode char U+014F (decimal 335)
   defining Unicode char U+0150 (decimal 336)
   defining Unicode char U+0151 (decimal 337)
   defining Unicode char U+0152 (decimal 338)
   defining Unicode char U+0153 (decimal 339)
   defining Unicode char U+0154 (decimal 340)
   defining Unicode char U+0155 (decimal 341)
   defining Unicode char U+0156 (decimal 342)
   defining Unicode char U+0157 (decimal 343)
   defining Unicode char U+0158 (decimal 344)
   defining Unicode char U+0159 (decimal 345)
   defining Unicode char U+015A (decimal 346)
   defining Unicode char U+015B (decimal 347)
   defining Unicode char U+015C (decimal 348)
   defining Unicode char U+015D (decimal 349)
   defining Unicode char U+015E (decimal 350)
   defining Unicode char U+015F (decimal 351)
   defining Unicode char U+0160 (decimal 352)
   defining Unicode char U+0161 (decimal 353)
   defining Unicode char U+0162 (decimal 354)
   defining Unicode char U+0163 (decimal 355)
   defining Unicode char U+0164 (decimal 356)
   defining Unicode char U+0165 (decimal 357)
   defining Unicode char U+0168 (decimal 360)
   defining Unicode char U+0169 (decimal 361)
   defining Unicode char U+016A (decimal 362)
   defining Unicode char U+016B (decimal 363)
   defining Unicode char U+016C (decimal 364)
   defining Unicode char U+016D (decimal 365)
   defining Unicode char U+016E (decimal 366)
   defining Unicode char U+016F (decimal 367)
   defining Unicode char U+0170 (decimal 368)
   defining Unicode char U+0171 (decimal 369)
   defining Unicode char U+0172 (decimal 370)
   defining Unicode char U+0173 (decimal 371)
   defining Unicode char U+0174 (decimal 372)
   defining Unicode char U+0175 (decimal 373)
   defining Unicode char U+0176 (decimal 374)
   defining Unicode char U+0177 (decimal 375)
   defining Unicode char U+0178 (decimal 376)
   defining Unicode char U+0179 (decimal 377)
   defining Unicode char U+017A (decimal 378)
   defining Unicode char U+017B (decimal 379)
   defining Unicode char U+017C (decimal 380)
   defining Unicode char U+017D (decimal 381)
   defining Unicode char U+017E (decimal 382)
   defining Unicode char U+01CD (decimal 461)
   defining Unicode char U+01CE (decimal 462)
   defining Unicode char U+01CF (decimal 463)
   defining Unicode char U+01D0 (decimal 464)
   defining Unicode char U+01D1 (decimal 465)
   defining Unicode char U+01D2 (decimal 466)
   defining Unicode char U+01D3 (decimal 467)
   defining Unicode char U+01D4 (decimal 468)
   defining Unicode char U+01E2 (decimal 482)
   defining Unicode char U+01E3 (decimal 483)
   defining Unicode char U+01E6 (decimal 486)
   defining Unicode char U+01E7 (decimal 487)
   defining Unicode char U+01E8 (decimal 488)
   defining Unicode char U+01E9 (decimal 489)
   defining Unicode char U+01EA (decimal 490)
   defining Unicode char U+01EB (decimal 491)
   defining Unicode char U+01F0 (decimal 496)
   defining Unicode char U+01F4 (decimal 500)
   defining Unicode char U+01F5 (decimal 501)
   defining Unicode char U+0218 (decimal 536)
   defining Unicode char U+0219 (decimal 537)
   defining Unicode char U+021A (decimal 538)
   defining Unicode char U+021B (decimal 539)
   defining Unicode char U+0232 (decimal 562)
   defining Unicode char U+0233 (decimal 563)
   defining Unicode char U+1E02 (decimal 7682)
   defining Unicode char U+1E03 (decimal 7683)
   defining Unicode char U+200C (decimal 8204)
   defining Unicode char U+2010 (decimal 8208)
   defining Unicode char U+2011 (decimal 8209)
   defining Unicode char U+2012 (decimal 8210)
   defining Unicode char U+2013 (decimal 8211)
   defining Unicode char U+2014 (decimal 8212)
   defining Unicode char U+2015 (decimal 8213)
   defining Unicode char U+2018 (decimal 8216)
   defining Unicode char U+2019 (decimal 8217)
   defining Unicode char U+201A (decimal 8218)
   defining Unicode char U+201C (decimal 8220)
   defining Unicode char U+201D (decimal 8221)
   defining Unicode char U+201E (decimal 8222)
   defining Unicode char U+2030 (decimal 8240)
   defining Unicode char U+2031 (decimal 8241)
   defining Unicode char U+2039 (decimal 8249)
   defining Unicode char U+203A (decimal 8250)
   defining Unicode char U+2423 (decimal 9251)
   defining Unicode char U+1E20 (decimal 7712)
   defining Unicode char U+1E21 (decimal 7713)
)
Now handling font encoding OT1 ...
... processing UTF-8 mapping file for font encoding OT1
 (/usr/share/texlive/texmf-dist/tex/latex/base/ot1enc.dfu
File: ot1enc.dfu 2017/01/28 v1.1t UTF-8 support for inputenc
   defining Unicode char U+00A0 (decimal 160)
   defining Unicode char U+00A1 (decimal 161)
   defining Unicode char U+00A3 (decimal 163)
   defining Unicode char U+00AD (decimal 173)
   defining Unicode char U+00B8 (decimal 184)
   defining Unicode char U+00BF (decimal 191)
   defining Unicode char U+00C5 (decimal 197)
   defining Unicode char U+00C6 (decimal 198)
   defining Unicode char U+00D8 (decimal 216)
   defining Unicode char U+00DF (decimal 223)
   defining Unicode char U+00E6 (decimal 230)
   defining Unicode char U+00EC (decimal 236)
   defining Unicode char U+00ED (decimal 237)
   defining Unicode char U+00EE (decimal 238)
   defining Unicode char U+00EF (decimal 239)
   defining Unicode char U+00F8 (decimal 248)
   defining Unicode char U+0131 (decimal 305)
   defining Unicode char U+0141 (decimal 321)
   defining Unicode char U+0142 (decimal 322)
   defining Unicode char U+0152 (decimal 338)
   defining Unicode char U+0153 (decimal 339)
   defining Unicode char U+0174 (decimal 372)
   defining Unicode char U+0175 (decimal 373)
   defining Unicode char U+0176 (decimal 374)
   defining Unicode char U+0177 (decimal 375)
   defining Unicode char U+0218 (decimal 536)
   defining Unicode char U+0219 (decimal 537)
   defining Unicode char U+021A (decimal 538)
   defining Unicode char U+021B (decimal 539)
   defining Unicode char U+2013 (decimal 8211)
   defining Unicode char U+2014 (decimal 8212)
   defining Unicode char U+2018 (decimal 8216)
   defining Unicode char U+2019 (decimal 8217)
   defining Unicode char U+201C (decimal 8220)
   defining Unicode char U+201D (decimal 8221)
)
Now handling font encoding OMS ...
... processing UTF-8 mapping file for font encoding OMS
 (/usr/share/texlive/texmf-dist/tex/latex/base/omsenc.dfu
File: omsenc.dfu 2017/01/28 v1.1t UTF-8 support for inputenc
   defining Unicode char U+00A7 (decimal 167)
   defining Unicode char U+00B6 (decimal 182)
   defining Unicode char U+00B7 (decimal 183)
   defining Unicode char U+2020 (decimal 8224)
   defining Unicode char U+2021 (decimal 8225)
   defining Unicode char U+2022 (decimal 8226)
)
Now handling font encoding OMX ...
... no UTF-8 mapping file for font encoding OMX
Now handling font encoding U ...
... no UTF-8 mapping file for font encoding U
   defining Unicode char U+00A9 (decimal 169)
   defining Unicode char U+00AA (decimal 170)
   defining Unicode char U+00AE (decimal 174)
   defining Unicode char U+00BA (decimal 186)
   defining Unicode char U+02C6 (decimal 710)
   defining Unicode char U+02DC (decimal 732)
   defining Unicode char U+200C (decimal 8204)
   defining Unicode char U+2026 (decimal 8230)
   defining Unicode char U+2122 (decimal 8482)
   defining Unicode char U+2423 (decimal 9251)
)) (/usr/share/texlive/texmf-dist/tex/latex/base/fontenc.sty
Package: fontenc 2017/02/22 v2.0g Standard LaTeX package
 (/usr/share/texlive/texmf-dist/tex/latex/base/t1enc.def
File: t1enc.def 2017/02/22 v2.0g Standard LaTeX file
LaTeX Font Info:    Redeclaring font encoding T1 on input line 48.
)) (/usr/share/texmf/tex/latex/lm/lmodern.sty
Package: lmodern 2009/10/30 v1.6 Latin Modern Fonts
LaTeX Font Info:    Overwriting symbol font `operators' in version `normal'
(Font)                  OT1/cmr/m/n --> OT1/lmr/m/n on input line 22.
LaTeX Font Info:    Overwriting symbol font `letters' in version `normal'
(Font)                  OML/cmm/m/it --> OML/lmm/m/it on input line 23.
LaTeX Font Info:    Overwriting symbol font `symbols' in version `normal'
(Font)                  OMS/cmsy/m/n --> OMS/lmsy/m/n on input line 24.
LaTeX Font Info:    Overwriting symbol font `largesymbols' in version `normal'
(Font)                  OMX/cmex/m/n --> OMX/lmex/m/n on input line 25.
LaTeX Font Info:    Overwriting symbol font `operators' in version `bold'
(Font)                  OT1/cmr/bx/n --> OT1/lmr/bx/n on input line 26.
LaTeX Font Info:    Overwriting symbol font `letters' in version `bold'
(Font)                  OML/cmm/b/it --> OML/lmm/b/it on input line 27.
LaTeX Font Info:    Overwriting symbol font `symbols' in version `bold'
(Font)                  OMS/cmsy/b/n --> OMS/lmsy/b/n on input line 28.
LaTeX Font Info:    Overwriting symbol font `largesymbols' in version `bold'
(Font)                  OMX/cmex/m/n --> OMX/lmex/m/n on input line 29.
LaTeX Font Info:    Overwriting math alphabet `\mathbf' in version `normal'
(Font)                  OT1/cmr/bx/n --> OT1/lmr/bx/n on input line 31.
LaTeX Font Info:    Overwriting math alphabet `\mathsf' in version `normal'
(Font)                  OT1/cmss/m/n --> OT1/lmss/m/n on input line 32.
LaTeX Font Info:    Overwriting math alphabet `\mathit' in version `normal'
(Font)                  OT1/cmr/m/it --> OT1/lmr/m/it on input line 33.
LaTeX Font Info:    Overwriting math alphabet `\mathtt' in version `normal'
(Font)                  OT1/cmtt/m/n --> OT1/lmtt/m/n on input line 34.
LaTeX Font Info:    Overwriting math alphabet `\mathbf' in version `bold'
(Font)                  OT1/cmr/bx/n --> OT1/lmr/bx/n on input line 35.
LaTeX Font Info:    Overwriting math alphabet `\mathsf' in version `bold'
(Font)                  OT1/cmss/bx/n --> OT1/lmss/bx/n on input line 36.
LaTeX Font Info:    Overwriting math alphabet `\mathit' in version `bold'
(Font)                  OT1/cmr/bx/it --> OT1/lmr/bx/it on input line 37.
LaTeX Font Info:    Overwriting math alphabet `\mathtt' in version `bold'
(Font)                  OT1/cmtt/m/n --> OT1/lmtt/m/n on input line 38.
) (/usr/share/texlive/texmf-dist/tex/latex/xcolor/xcolor.sty
Package: xcolor 2016/05/11 v2.12 LaTeX color extensions (UK)
 (/usr/share/texlive/texmf-dist/tex/latex/graphics-cfg/color.cfg
File: color.cfg 2016/01/02 v1.6 sample color configuration
)
Package xcolor Info: Driver file: pdftex.def on input line 225.
 (/usr/share/texlive/texmf-dist/tex/latex/graphics-def/pdftex.def
File: pdftex.def 2017/01/12 v0.06k Graphics/color for pdfTeX
 (/usr/share/texlive/texmf-dist/tex/generic/oberdiek/infwarerr.sty
Package: infwarerr 2016/05/16 v1.4 Providing info/warning/error messages (HO)
) (/usr/share/texlive/texmf-dist/tex/generic/oberdiek/ltxcmds.sty
Package: ltxcmds 2016/05/16 v1.23 LaTeX kernel commands for general use (HO)
)
\Gread@gobject=\count88
)
Package xcolor Info: Model `cmy' substituted by `cmy0' on input line 1348.
Package xcolor Info: Model `hsb' substituted by `rgb' on input line 1352.
Package xcolor Info: Model `RGB' extended on input line 1364.
Package xcolor Info: Model `HTML' substituted by `rgb' on input line 1366.
Package xcolor Info: Model `Hsb' substituted by `hsb' on input line 1367.
Package xcolor Info: Model `tHsb' substituted by `hsb' on input line 1368.
Package xcolor Info: Model `HSB' substituted by `hsb' on input line 1369.
Package xcolor Info: Model `Gray' substituted by `gray' on input line 1370.
Package xcolor Info: Model `wave' substituted by `hsb' on input line 1371.
 (/usr/share/texlive/texmf-dist/tex/latex/graphics/dvipsnam.def
File: dvipsnam.def 2016/06/17 v3.0m Driver-dependent file (DPC,SPQR)
)) (/usr/share/texlive/texmf-dist/tex/latex/hyperref/hyperref.sty
Package: hyperref 2016/06/24 v6.83q Hypertext links for LaTeX
 (/usr/share/texlive/texmf-dist/tex/generic/oberdiek/hobsub-hyperref.sty
Package: hobsub-hyperref 2016/05/16 v1.14 Bundle oberdiek, subset hyperref (HO)
 (/usr/share/texlive/texmf-dist/tex/generic/oberdiek/hobsub-generic.sty
Package: hobsub-generic 2016/05/16 v1.14 Bundle oberdiek, subset generic (HO)
Package: hobsub 2016/05/16 v1.14 Construct package bundles (HO)
Package hobsub Info: Skipping package `infwarerr' (already loaded).
Package hobsub Info: Skipping package `ltxcmds' (already loaded).
Package: ifluatex 2016/05/16 v1.4 Provides the ifluatex switch (HO)
Package ifluatex Info: LuaTeX not detected.
Package: ifvtex 2016/05/16 v1.6 Detect VTeX and its facilities (HO)
Package ifvtex Info: VTeX not detected.
Package: intcalc 2016/05/16 v1.2 Expandable calculations with integers (HO)
Package: ifpdf 2016/05/14 v3.1 Provides the ifpdf switch
Package: etexcmds 2016/05/16 v1.6 Avoid name clashes with e-TeX commands (HO)
Package etexcmds Info: Could not find \expanded.
(etexcmds)             That can mean that you are not using pdfTeX 1.50 or
(etexcmds)             that some package has redefined \expanded.
(etexcmds)             In the latter case, load this package earlier.
Package: kvsetkeys 2016/05/16 v1.17 Key value parser (HO)
Package: kvdefinekeys 2016/05/16 v1.4 Define keys (HO)
Package: pdftexcmds 2016/05/21 v0.22 Utility functions of pdfTeX for LuaTeX (HO)
Package pdftexcmds Info: LuaTeX not detected.
Package pdftexcmds Info: \pdf@primitive is available.
Package pdftexcmds Info: \pdf@ifprimitive is available.
Package pdftexcmds Info: \pdfdraftmode found.
Package: pdfescape 2016/05/16 v1.14 Implements pdfTeX's escape features (HO)
Package: bigintcalc 2016/05/16 v1.4 Expandable calculations on big integers (HO)
Package: bitset 2016/05/16 v1.2 Handle bit-vector datatype (HO)
Package: uniquecounter 2016/05/16 v1.3 Provide unlimited unique counter (HO)
)
Package hobsub Info: Skipping package `hobsub' (already loaded).
Package: letltxmacro 2016/05/16 v1.5 Let assignment for LaTeX macros (HO)
Package: hopatch 2016/05/16 v1.3 Wrapper for package hooks (HO)
Package: xcolor-patch 2016/05/16 xcolor patch
Package: atveryend 2016/05/16 v1.9 Hooks at the very end of document (HO)
Package atveryend Info: \enddocument detected (standard20110627).
Package: atbegshi 2016/06/09 v1.18 At begin shipout hook (HO)
Package: refcount 2016/05/16 v3.5 Data extraction from label references (HO)
Package: hycolor 2016/05/16 v1.8 Color options for hyperref/bookmark (HO)
) (/usr/share/texlive/texmf-dist/tex/latex/graphics/keyval.sty
Package: keyval 2014/10/28 v1.15 key=value parser (DPC)
\KV@toks@=\toks16
) (/usr/share/texlive/texmf-dist/tex/generic/ifxetex/ifxetex.sty
Package: ifxetex 2010/09/12 v0.6 Provides ifxetex conditional
) (/usr/share/texlive/texmf-dist/tex/latex/oberdiek/auxhook.sty
Package: auxhook 2016/05/16 v1.4 Hooks for auxiliary files (HO)
) (/usr/share/texlive/texmf-dist/tex/latex/oberdiek/kvoptions.sty
Package: kvoptions 2016/05/16 v3.12 Key value format for package options (HO)
)
\@linkdim=\dimen103
\Hy@linkcounter=\count89
\Hy@pagecounter=\count90
 (/usr/share/texlive/texmf-dist/tex/latex/hyperref/pd1enc.def
File: pd1enc.def 2016/06/24 v6.83q Hyperref: PDFDocEncoding definition (HO)
Now handling font encoding PD1 ...
... no UTF-8 mapping file for font encoding PD1
)
\Hy@SavedSpaceFactor=\count91
 (/usr/share/texlive/texmf-dist/tex/latex/latexconfig/hyperref.cfg
File: hyperref.cfg 2002/06/06 v1.2 hyperref configuration of TeXLive
)
Package hyperref Info: Option `colorlinks' set `true' on input line 4362.
Package hyperref Info: Hyper figures OFF on input line 4486.
Package hyperref Info: Link nesting OFF on input line 4491.
Package hyperref Info: Hyper index ON on input line 4494.
Package hyperref Info: Plain pages OFF on input line 4501.
Package hyperref Info: Backreferencing OFF on input line 4506.
Package hyperref Info: Implicit mode ON; LaTeX internals redefined.
Package hyperref Info: Bookmarks ON on input line 4735.
\c@Hy@tempcnt=\count92
 (/usr/share/texlive/texmf-dist/tex/latex/url/url.sty
\Urlmuskip=\muskip10
Package: url 2013/09/16  ver 3.4  Verb mode for urls, etc.
)
LaTeX Info: Redefining \url on input line 5088.
\XeTeXLinkMargin=\dimen104
\Fld@menulength=\count93
\Field@Width=\dimen105
\Fld@charsize=\dimen106
Package hyperref Info: Hyper figures OFF on input line 6342.
Package hyperref Info: Link nesting OFF on input line 6347.
Package hyperref Info: Hyper index ON on input line 6350.
Package hyperref Info: backreferencing OFF on input line 6357.
Package hyperref Info: Link coloring ON on input line 6360.
Package hyperref Info: Link coloring with OCG OFF on input line 6367.
Package hyperref Info: PDF/A mode OFF on input line 6372.
LaTeX Info: Redefining \ref on input line 6412.
LaTeX Info: Redefining \pageref on input line 6416.
\Hy@abspage=\count94
\c@Item=\count95
\c@Hfootnote=\count96
)

Package hyperref Message: Driver (autodetected): hpdftex.

(/usr/share/texlive/texmf-dist/tex/latex/hyperref/hpdftex.def
File: hpdftex.def 2016/06/24 v6.83q Hyperref driver for pdfTeX
\Fld@listcount=\count97
\c@bookmark@seq@number=\count98
 (/usr/share/texlive/texmf-dist/tex/latex/oberdiek/rerunfilecheck.sty
Package: rerunfilecheck 2016/05/16 v1.8 Rerun checks for auxiliary files (HO)
Package uniquecounter Info: New unique counter `rerunfilecheck' on input line 282.
)
\Hy@SectionHShift=\skip43
) (/usr/share/texlive/texmf-dist/tex/latex/geometry/geometry.sty
Package: geometry 2010/09/12 v5.6 Page Geometry
\Gm@cnth=\count99
\Gm@cntv=\count100
\c@Gm@tempcnt=\count101
\Gm@bindingoffset=\dimen107
\Gm@wd@mp=\dimen108
\Gm@odd@mp=\dimen109
\Gm@even@mp=\dimen110
\Gm@layoutwidth=\dimen111
\Gm@layoutheight=\dimen112
\Gm@layouthoffset=\dimen113
\Gm@layoutvoffset=\dimen114
\Gm@dimlist=\toks17
) (/usr/share/texlive/texmf-dist/tex/latex/fancyhdr/fancyhdr.sty
Package: fancyhdr 2016/09/06 3.8 Extensive control of page headers and footers
\fancy@headwidth=\skip44
\f@ncyO@elh=\skip45
\f@ncyO@erh=\skip46
\f@ncyO@olh=\skip47
\f@ncyO@orh=\skip48
\f@ncyO@elf=\skip49
\f@ncyO@erf=\skip50
\f@ncyO@olf=\skip51
\f@ncyO@orf=\skip52
) (/usr/share/texlive/texmf-dist/tex/latex/graphics/graphicx.sty
Package: graphicx 2014/10/28 v1.0g Enhanced LaTeX Graphics (DPC,SPQR)
 (/usr/share/texlive/texmf-dist/tex/latex/graphics/graphics.sty
Package: graphics 2016/10/09 v1.0u Standard LaTeX Graphics (DPC,SPQR)
 (/usr/share/texlive/texmf-dist/tex/latex/graphics/trig.sty
Package: trig 2016/01/03 v1.10 sin cos tan (DPC)
) (/usr/share/texlive/texmf-dist/tex/latex/graphics-cfg/graphics.cfg
File: graphics.cfg 2016/06/04 v1.11 sample graphics configuration
)
Package graphics Info: Driver file: pdftex.def on input line 99.
)
\Gin@req@height=\dimen115
\Gin@req@width=\dimen116
) (/usr/share/texlive/texmf-dist/tex/latex/booktabs/booktabs.sty
Package: booktabs 2016/04/27 v1.618033 publication quality tables
\heavyrulewidth=\dimen117
\lightrulewidth=\dimen118
\cmidrulewidth=\dimen119
\belowrulesep=\dimen120
\belowbottomsep=\dimen121
\aboverulesep=\dimen122
\abovetopsep=\dimen123
\cmidrulesep=\dimen124
\cmidrulekern=\dimen125
\defaultaddspace=\dimen126
\@cmidla=\count102
\@cmidlb=\count103
\@aboverulesep=\dimen127
\@belowrulesep=\dimen128
\@thisruleclass=\count104
\@lastruleclass=\count105
\@thisrulewidth=\dimen129
) (/usr/share/texlive/texmf-dist/tex/latex/amsfonts/amssymb.sty
Package: amssymb 2013/01/14 v3.01 AMS font symbols
 (/usr/share/texlive/texmf-dist/tex/latex/amsfonts/amsfonts.sty
Package: amsfonts 2013/01/14 v3.01 Basic AMSFonts support
\@emptytoks=\toks18
\symAMSa=\mathgroup4
\symAMSb=\mathgroup5
LaTeX Font Info:    Overwriting math alphabet `\mathfrak' in version `bold'
(Font)                  U/euf/m/n --> U/euf/b/n on input line 106.
)) (/usr/share/texlive/texmf-dist/tex/latex/amsmath/amsmath.sty
Package: amsmath 2016/11/05 v2.16a AMS math features
\@mathmargin=\skip53

For additional information on amsmath, use the `?' option.
(/usr/share/texlive/texmf-dist/tex/latex/amsmath/amstext.sty
Package: amstext 2000/06/29 v2.01 AMS text
 (/usr/share/texlive/texmf-dist/tex/latex/amsmath/amsgen.sty
File: amsgen.sty 1999/11/30 v2.0 generic functions
\@emptytoks=\toks19
\ex@=\dimen130
)) (/usr/share/texlive/texmf-dist/tex/latex/amsmath/amsbsy.sty
Package: amsbsy 1999/11/29 v1.2d Bold Symbols
\pmbraise@=\dimen131
) (/usr/share/texlive/texmf-dist/tex/latex/amsmath/amsopn.sty
Package: amsopn 2016/03/08 v2.02 operator names
)
\inf@bad=\count106
LaTeX Info: Redefining \frac on input line 213.
\uproot@=\count107
\leftroot@=\count108
LaTeX Info: Redefining \overline on input line 375.
\classnum@=\count109
\DOTSCASE@=\count110
LaTeX Info: Redefining \ldots on input line 472.
LaTeX Info: Redefining \dots on input line 475.
LaTeX Info: Redefining \cdots on input line 596.
\Mathstrutbox@=\box26
\strutbox@=\box27
\big@size=\dimen132
LaTeX Font Info:    Redeclaring font encoding OML on input line 712.
LaTeX Font Info:    Redeclaring font encoding OMS on input line 713.
\macc@depth=\count111
\c@MaxMatrixCols=\count112
\dotsspace@=\muskip11
\c@parentequation=\count113
\dspbrk@lvl=\count114
\tag@help=\toks20
\row@=\count115
\column@=\count116
\maxfields@=\count117
\andhelp@=\toks21
\eqnshift@=\dimen133
\alignsep@=\dimen134
\tagshift@=\dimen135
\tagwidth@=\dimen136
\totwidth@=\dimen137
\lineht@=\dimen138
\@envbody=\toks22
\multlinegap=\skip54
\multlinetaggap=\skip55
\mathdisplay@stack=\toks23
LaTeX Info: Redefining \[ on input line 2817.
LaTeX Info: Redefining \] on input line 2818.
) (/usr/share/texlive/texmf-dist/tex/latex/tools/bm.sty
Package: bm 2017/01/16 v1.2c Bold Symbol Support (DPC/FMi)
\symboldoperators=\mathgroup6
\symboldletters=\mathgroup7
\symboldsymbols=\mathgroup8
LaTeX Font Info:    Redeclaring math alphabet \mathbf on input line 141.
LaTeX Info: Redefining \bm on input line 207.
) (/usr/share/texlive/texmf-dist/tex/latex/footmisc/footmisc.sty
Package: footmisc 2011/06/06 v5.5b a miscellany of footnote facilities
\FN@temptoken=\toks24
\footnotemargin=\dimen139
\c@pp@next@reset=\count118
Package footmisc Info: Declaring symbol style bringhurst on input line 855.
Package footmisc Info: Declaring symbol style chicago on input line 863.
Package footmisc Info: Declaring symbol style wiley on input line 872.
Package footmisc Info: Declaring symbol style lamport-robust on input line 883.
Package footmisc Info: Declaring symbol style lamport* on input line 903.
Package footmisc Info: Declaring symbol style lamport*-robust on input line 924.
) (/usr/share/texlive/texmf-dist/tex/latex/biblatex/biblatex.sty
Package: biblatex 2016/12/05 v3.7 programmable bibliographies (PK/JW/AB)
 (/usr/share/texlive/texmf-dist/tex/latex/etoolbox/etoolbox.sty
Package: etoolbox 2017/01/02 v2.4 e-TeX tools for LaTeX (JAW)
\etb@tempcnta=\count119
) (/usr/share/texlive/texmf-dist/tex/latex/logreq/logreq.sty
Package: logreq 2010/08/04 v1.0 xml request logger
\lrq@indent=\count120
 (/usr/share/texlive/texmf-dist/tex/latex/logreq/logreq.def
File: logreq.def 2010/08/04 v1.0 logreq spec v1.0
)) (/usr/share/texlive/texmf-dist/tex/latex/base/ifthen.sty
Package: ifthen 2014/09/29 v1.1c Standard LaTeX ifthen package (DPC)
) (/usr/share/texlive/texmf-dist/tex/generic/xstring/xstring.sty (/usr/share/texlive/texmf-dist/tex/generic/xstring/xstring.tex
\@xs@message=\write3
\integerpart=\count121
\decimalpart=\count122
)
Package: xstring 2013/10/13  v1.7c  String manipulations (C Tellechea)
)
\c@tabx@nest=\count123
\c@listtotal=\count124
\c@listcount=\count125
\c@liststart=\count126
\c@liststop=\count127
\c@citecount=\count128
\c@citetotal=\count129
\c@multicitecount=\count130
\c@multicitetotal=\count131
\c@instcount=\count132
\c@maxnames=\count133
\c@minnames=\count134
\c@maxitems=\count135
\c@minitems=\count136
\c@citecounter=\count137
\c@savedcitecounter=\count138
\c@uniquelist=\count139
\c@uniquename=\count140
\c@refsection=\count141
\c@refsegment=\count142
\c@maxextratitle=\count143
\c@maxextratitleyear=\count144
\c@maxextrayear=\count145
\c@maxextraalpha=\count146
\c@abbrvpenalty=\count147
\c@highnamepenalty=\count148
\c@lownamepenalty=\count149
\c@maxparens=\count150
\c@parenlevel=\count151
\blx@tempcnta=\count152
\blx@tempcntb=\count153
\blx@tempcntc=\count154
\blx@maxsection=\count155
\blx@maxsegment@0=\count156
\blx@notetype=\count157
\blx@parenlevel@text=\count158
\blx@parenlevel@foot=\count159
\blx@sectionciteorder@0=\count160
\labelnumberwidth=\skip56
\labelalphawidth=\skip57
\biblabelsep=\skip58
\bibitemsep=\skip59
\bibnamesep=\skip60
\bibinitsep=\skip61
\bibparsep=\skip62
\bibhang=\skip63
\blx@bcfin=\read1
\blx@bcfout=\write4
\c@mincomprange=\count161
\c@maxcomprange=\count162
\c@mincompwidth=\count163
Package biblatex Info: Trying to load biblatex default data model...
Package biblatex Info: ... file 'blx-dm.def' found.
 (/usr/share/texlive/texmf-dist/tex/latex/biblatex/blx-dm.def)
Package biblatex Info: Trying to load biblatex style data model...
Package biblatex Info: ... file 'alphabetic.dbx' not found.
Package biblatex Info: Trying to load biblatex custom data model...
Package biblatex Info: ... file 'biblatex-dm.cfg' not found.
\c@afterword=\count164
\c@savedafterword=\count165
\c@annotator=\count166
\c@savedannotator=\count167
\c@author=\count168
\c@savedauthor=\count169
\c@bookauthor=\count170
\c@savedbookauthor=\count171
\c@commentator=\count172
\c@savedcommentator=\count173
\c@editor=\count174
\c@savededitor=\count175
\c@editora=\count176
\c@savededitora=\count177
\c@editorb=\count178
\c@savededitorb=\count179
\c@editorc=\count180
\c@savededitorc=\count181
\c@foreword=\count182
\c@savedforeword=\count183
\c@holder=\count184
\c@savedholder=\count185
\c@introduction=\count186
\c@savedintroduction=\count187
\c@namea=\count188
\c@savednamea=\count189
\c@nameb=\count190
\c@savednameb=\count191
\c@namec=\count192
\c@savednamec=\count193
\c@translator=\count194
\c@savedtranslator=\count195
\c@shortauthor=\count196
\c@savedshortauthor=\count197
\c@shorteditor=\count198
\c@savedshorteditor=\count199
\c@labelname=\count266
\c@savedlabelname=\count267
\c@institution=\count268
\c@savedinstitution=\count269
\c@lista=\count270
\c@savedlista=\count271
\c@listb=\count272
\c@savedlistb=\count273
\c@listc=\count274
\c@savedlistc=\count275
\c@listd=\count276
\c@savedlistd=\count277
\c@liste=\count278
\c@savedliste=\count279
\c@listf=\count280
\c@savedlistf=\count281
\c@location=\count282
\c@savedlocation=\count283
\c@organization=\count284
\c@savedorganization=\count285
\c@origlocation=\count286
\c@savedoriglocation=\count287
\c@origpublisher=\count288
\c@savedorigpublisher=\count289
\c@publisher=\count290
\c@savedpublisher=\count291
\c@language=\count292
\c@savedlanguage=\count293
\c@pageref=\count294
\c@savedpageref=\count295
\shorthandwidth=\skip64
\shortjournalwidth=\skip65
\shortserieswidth=\skip66
\shorttitlewidth=\skip67
\shortauthorwidth=\skip68
\shorteditorwidth=\skip69
Package biblatex Info: Trying to load compatibility code...
Package biblatex Info: ... file 'blx-compat.def' found.
 (/usr/share/texlive/texmf-dist/tex/latex/biblatex/blx-compat.def
File: blx-compat.def 2016/12/05 v3.7 biblatex compatibility (PK/JW/AB)
)
Package biblatex Info: Trying to load generic definitions...
Package biblatex Info: ... file 'biblatex.def' found.
 (/usr/share/texlive/texmf-dist/tex/latex/biblatex/biblatex.def
File: biblatex.def 2016/12/05 v3.7 biblatex compatibility (PK/JW/AB)
\c@textcitecount=\count296
\c@textcitetotal=\count297
\c@textcitemaxnames=\count298
\c@biburlnumpenalty=\count299
\c@biburlucpenalty=\count300
\c@biburllcpenalty=\count301
\c@smartand=\count302
)
Package biblatex Info: Trying to load bibliography style 'alphabetic'...
Package biblatex Info: ... file 'alphabetic.bbx' found.
 (/usr/share/texlive/texmf-dist/tex/latex/biblatex/bbx/alphabetic.bbx
File: alphabetic.bbx 2016/12/05 v3.7 biblatex bibliography style (PK/JW/AB)
Package biblatex Info: Trying to load bibliography style 'standard'...
Package biblatex Info: ... file 'standard.bbx' found.
 (/usr/share/texlive/texmf-dist/tex/latex/biblatex/bbx/standard.bbx
File: standard.bbx 2016/12/05 v3.7 biblatex bibliography style (PK/JW/AB)
\c@bbx:relatedcount=\count303
\c@bbx:relatedtotal=\count304
))
Package biblatex Info: Trying to load citation style 'alphabetic'...
Package biblatex Info: ... file 'alphabetic.cbx' found.
 (/usr/share/texlive/texmf-dist/tex/latex/biblatex/cbx/alphabetic.cbx
File: alphabetic.cbx 2016/12/05 v3.7 biblatex citation style (PK/JW/AB)
Package biblatex Info: Redefining '\cite'.
Package biblatex Info: Redefining '\parencite'.
Package biblatex Info: Redefining '\footcite'.
Package biblatex Info: Redefining '\footcitetext'.
Package biblatex Info: Redefining '\smartcite'.
Package biblatex Info: Redefining '\textcite'.
Package biblatex Info: Redefining '\textcites'.
Package biblatex Info: Redefining '\cites'.
Package biblatex Info: Redefining '\parencites'.
Package biblatex Info: Redefining '\smartcites'.
)
Package biblatex Info: Trying to load configuration file...
Package biblatex Info: ... file 'biblatex.cfg' found.
 (/usr/share/texlive/texmf-dist/tex/latex/biblatex/biblatex.cfg
File: biblatex.cfg 
))) (/usr/share/texlive/texmf-dist/tex/latex/minitoc/minitoc.sty
Package: minitoc 2015/07/13 v61 Package minitoc
 (/usr/share/texlive/texmf-dist/tex/latex/minitoc/mtcmess.sty
Package: mtcmess 2006/03/14
)
Package minitoc Info: I0001
(minitoc)             *** minitoc package, version 61 ***.
\tf@mtc=\write5
\mtcindent=\skip70
\mtcskipamount=\skip71
Package minitoc Info: I0005
(minitoc)             compatible with hyperref.
Package minitoc Info: I0023
(minitoc)             part level macros available.
Package minitoc Info: I0003
(minitoc)             chapter level macros available.
\mtc@toks=\toks25
\mtc@strutbox=\box28
\mtc@hstrutbox=\box29
Package minitoc Info: I0002
(minitoc)             Autoconfiguration of extensions.
\openout5 = `PhDThesis_CARREAU.mtc0'.

\openout5 = `PhDThesis_CARREAU.mtc'.

 (./PhDThesis_CARREAU.mtc0)
Package minitoc Info: I0012
(minitoc)             Long extensions (Unix-like) will be used.
Package minitoc Info: I0031
(minitoc)             ==> this version is configured for UNIX-like 
(minitoc)                 (long extensions) file names.
\openout5 = `PhDThesis_CARREAU.mtc'.

\openout5 = `PhDThesis_CARREAU.mtc0'.

\c@mtc=\count305
\c@minitocdepth=\count306
\c@ptc=\count307
\c@parttocdepth=\count308
\ptcindent=\skip72
Package minitoc Info: I0010
(minitoc)             The english language is selected.
(minitoc)              on input line 4909.
 (/usr/share/texlive/texmf-dist/tex/latex/minitoc/english.mld
File: english.mld 2006/01/13
) (/usr/share/texlive/texmf-dist/tex/latex/minitoc/english.mld
File: english.mld 2006/01/13
))
Package biblatex Info: Trying to load language 'english'...
Package biblatex Info: ... file 'english.lbx' found.
 (/usr/share/texlive/texmf-dist/tex/latex/biblatex/lbx/english.lbx
File: english.lbx 2016/12/05 v3.7 biblatex localization (PK/JW/AB)
)
\@quotelevel=\count309
\@quotereset=\count310
 (./PhDThesis_CARREAU.aux

LaTeX Warning: Label `subsec:masses' multiply defined.

)
\openout1 = `PhDThesis_CARREAU.aux'.

LaTeX Font Info:    Checking defaults for OML/cmm/m/it on input line 24.
LaTeX Font Info:    ... okay on input line 24.
LaTeX Font Info:    Checking defaults for T1/cmr/m/n on input line 24.
LaTeX Font Info:    ... okay on input line 24.
LaTeX Font Info:    Checking defaults for OT1/cmr/m/n on input line 24.
LaTeX Font Info:    ... okay on input line 24.
LaTeX Font Info:    Checking defaults for OMS/cmsy/m/n on input line 24.
LaTeX Font Info:    ... okay on input line 24.
LaTeX Font Info:    Checking defaults for OMX/cmex/m/n on input line 24.
LaTeX Font Info:    ... okay on input line 24.
LaTeX Font Info:    Checking defaults for U/cmr/m/n on input line 24.
LaTeX Font Info:    ... okay on input line 24.
LaTeX Font Info:    Checking defaults for PD1/pdf/m/n on input line 24.
LaTeX Font Info:    ... okay on input line 24.
LaTeX Font Info:    Try loading font information for T1+lmr on input line 24.
 (/usr/share/texmf/tex/latex/lm/t1lmr.fd
File: t1lmr.fd 2009/10/30 v1.6 Font defs for Latin Modern
) (/usr/share/texlive/texmf-dist/tex/context/base/mkii/supp-pdf.mkii
[Loading MPS to PDF converter (version 2006.09.02).]
\scratchcounter=\count311
\scratchdimen=\dimen140
\scratchbox=\box30
\nofMPsegments=\count312
\nofMParguments=\count313
\everyMPshowfont=\toks26
\MPscratchCnt=\count314
\MPscratchDim=\dimen141
\MPnumerator=\count315
\makeMPintoPDFobject=\count316
\everyMPtoPDFconversion=\toks27
) (/usr/share/texlive/texmf-dist/tex/latex/oberdiek/epstopdf-base.sty
Package: epstopdf-base 2016/05/15 v2.6 Base part for package epstopdf
 (/usr/share/texlive/texmf-dist/tex/latex/oberdiek/grfext.sty
Package: grfext 2016/05/16 v1.2 Manage graphics extensions (HO)
)
Package epstopdf-base Info: Redefining graphics rule for `.eps' on input line 438.
Package grfext Info: Graphics extension search list:
(grfext)             [.png,.pdf,.jpg,.mps,.jpeg,.jbig2,.jb2,.PNG,.PDF,.JPG,.JPEG,.JBIG2,.JB2,.eps]
(grfext)             \AppendGraphicsExtensions on input line 456.
 (/usr/share/texlive/texmf-dist/tex/latex/latexconfig/epstopdf-sys.cfg
File: epstopdf-sys.cfg 2010/07/13 v1.3 Configuration of (r)epstopdf for TeX Live
))
\AtBeginShipoutBox=\box31
Package hyperref Info: Link coloring ON on input line 24.
 (/usr/share/texlive/texmf-dist/tex/latex/hyperref/nameref.sty
Package: nameref 2016/05/21 v2.44 Cross-referencing by name of section
 (/usr/share/texlive/texmf-dist/tex/generic/oberdiek/gettitlestring.sty
Package: gettitlestring 2016/05/16 v1.5 Cleanup title references (HO)
)
\c@section@level=\count317
)
LaTeX Info: Redefining \ref on input line 24.
LaTeX Info: Redefining \pageref on input line 24.
LaTeX Info: Redefining \nameref on input line 24.
 (./PhDThesis_CARREAU.out) (./PhDThesis_CARREAU.out)
\@outlinefile=\write6
\openout6 = `PhDThesis_CARREAU.out'.


*geometry* driver: auto-detecting
*geometry* detected driver: pdftex
*geometry* verbose mode - [ preamble ] result:
* driver: pdftex
* paper: a4paper
* layout: <same size as paper>
* layoutoffset:(h,v)=(0.0pt,0.0pt)
* modes: twoside 
* h-part:(L,W,R)=(71.70166pt, 418.25368pt, 107.55254pt)
* v-part:(T,H,B)=(113.81102pt, 617.4248pt, 113.81102pt)
* \paperwidth=597.50787pt
* \paperheight=845.04684pt
* \textwidth=418.25368pt
* \textheight=617.4248pt
* \oddsidemargin=-0.56833pt
* \evensidemargin=35.28255pt
* \topmargin=6.66724pt
* \headheight=15.0pt
* \headsep=19.8738pt
* \topskip=11.0pt
* \footskip=27.46295pt
* \marginparwidth=106.0pt
* \marginparsep=7.0pt
* \columnsep=10.0pt
* \skip\footins=10.0pt plus 4.0pt minus 2.0pt
* \hoffset=0.0pt
* \voffset=0.0pt
* \mag=1000
* \@twocolumnfalse
* \@twosidetrue
* \@mparswitchtrue
* \@reversemarginfalse
* (1in=72.27pt=25.4mm, 1cm=28.453pt)

Package biblatex Info: Input encoding 'utf8' detected.
Package biblatex Info: Automatic encoding selection.
(biblatex)             Assuming data encoding 'utf8'.
\openout4 = `PhDThesis_CARREAU.bcf'.

Package biblatex Info: Trying to load bibliographic data...
Package biblatex Info: ... file 'PhDThesis_CARREAU.bbl' found.
(./PhDThesis_CARREAU.bbl)
Package biblatex Info: Reference section=0 on input line 24.
Package biblatex Info: Reference segment=0 on input line 24.
Package minitoc(hints) Info: I0049
(minitoc(hints))             ==> You requested the hints option. 
(minitoc(hints))             Some hints are eventually given below.


Package minitoc(hints) Warning: W0030
(minitoc(hints))                --- The \part command is altered 
(minitoc(hints))                after minitoc.


Package minitoc(hints) Warning: W0023
(minitoc(hints))                --- It may be the consequence 
(minitoc(hints))                of loading the ``hyperref'' package.


Package minitoc(hints) Warning: W0028
(minitoc(hints))                --- The \chapter command is altered 
(minitoc(hints))                after minitoc.


Package minitoc(hints) Warning: W0023
(minitoc(hints))                --- It may be the consequence 
(minitoc(hints))                of loading the ``hyperref'' package.

(./sections/prestarting.tex
Package minitoc Info: I0024
(minitoc)             PREPARING MINITOCS FROM PhDThesis_CARREAU.toc on input line 4.
Package minitoc Info: I0033
(minitoc)             Writing PhDThesis_CARREAU.mtc1.
\openout5 = `PhDThesis_CARREAU.mtc1'.

Package minitoc Info: I0033
(minitoc)             Writing PhDThesis_CARREAU.mtc2.
\openout5 = `PhDThesis_CARREAU.mtc2'.

Package minitoc Info: I0033
(minitoc)             Writing PhDThesis_CARREAU.mtc3.
\openout5 = `PhDThesis_CARREAU.mtc3'.

Package minitoc Info: I0033
(minitoc)             Writing PhDThesis_CARREAU.mtc4.
\openout5 = `PhDThesis_CARREAU.mtc4'.

Package minitoc Info: I0033
(minitoc)             Writing PhDThesis_CARREAU.mtc5.
\openout5 = `PhDThesis_CARREAU.mtc5'.

Package minitoc Info: I0033
(minitoc)             Writing PhDThesis_CARREAU.mtc6.
\openout5 = `PhDThesis_CARREAU.mtc6'.

Package minitoc Info: I0033
(minitoc)             Writing PhDThesis_CARREAU.mtc7.
\openout5 = `PhDThesis_CARREAU.mtc7'.

 (./PhDThesis_CARREAU.toc
LaTeX Font Info:    Try loading font information for OT1+lmr on input line 5.
 (/usr/share/texmf/tex/latex/lm/ot1lmr.fd
File: ot1lmr.fd 2009/10/30 v1.6 Font defs for Latin Modern
)
LaTeX Font Info:    Try loading font information for OML+lmm on input line 5.
 (/usr/share/texmf/tex/latex/lm/omllmm.fd
File: omllmm.fd 2009/10/30 v1.6 Font defs for Latin Modern
)
LaTeX Font Info:    Try loading font information for OMS+lmsy on input line 5.
 (/usr/share/texmf/tex/latex/lm/omslmsy.fd
File: omslmsy.fd 2009/10/30 v1.6 Font defs for Latin Modern
)
LaTeX Font Info:    Try loading font information for OMX+lmex on input line 5.
 (/usr/share/texmf/tex/latex/lm/omxlmex.fd
File: omxlmex.fd 2009/10/30 v1.6 Font defs for Latin Modern
)
LaTeX Font Info:    External font `lmex10' loaded for size
(Font)              <10.95> on input line 5.
LaTeX Font Info:    External font `lmex10' loaded for size
(Font)              <8> on input line 5.
LaTeX Font Info:    External font `lmex10' loaded for size
(Font)              <6> on input line 5.
LaTeX Font Info:    Try loading font information for U+msa on input line 5.
 (/usr/share/texlive/texmf-dist/tex/latex/amsfonts/umsa.fd
File: umsa.fd 2013/01/14 v3.01 AMS symbols A
)
LaTeX Font Info:    Try loading font information for U+msb on input line 5.
 (/usr/share/texlive/texmf-dist/tex/latex/amsfonts/umsb.fd
File: umsb.fd 2013/01/14 v3.01 AMS symbols B
) [1



{/var/lib/texmf/fonts/map/pdftex/updmap/pdftex.map}]
Overfull \hbox (3.19923pt too wide) in paragraph at lines 91--91
 [][] [][][]\T1/lmr/m/n/10.95 Marginalized one-parameter pos-te-rior dis-tri-bu-tions of em- 
 []

[2])
\tf@toc=\write7
\openout7 = `PhDThesis_CARREAU.toc'.

 [3] [4


] (./PhDThesis_CARREAU.lof [5]
Overfull \hbox (19.24385pt too wide) in paragraph at lines 61--61
 [][] [][][]\T1/lmr/m/n/10.95 Posterior equa-tion of state con-fronted with pop-u-lar mod-els and the GW170817 
 []


Overfull \hbox (13.50478pt too wide) in paragraph at lines 65--65
 [][] [][][]\T1/lmr/m/n/10.95 Posterior $\OT1/lmr/m/n/10.95 ^^C[] \OMS/lmsy/m/n/10.95 ^^@ \OT1/lmr/m/n/10.95 ^^C[]$ \T1/lmr/m/n/10.95 re-la-tion con-fronted with pop-u-lar mod-els and the GW170817 
 []

)
\tf@lof=\write8
\openout8 = `PhDThesis_CARREAU.lof'.

 [6] (./PhDThesis_CARREAU.lot)
\tf@lot=\write9
\openout9 = `PhDThesis_CARREAU.lot'.

 [7


]) (./sections/chapter1.tex [8


]
Chapter 1.
[9]
\openout5 = `PhDThesis_CARREAU.mtc'.

\openout5 = `PhDThesis_CARREAU.mtc'.

LaTeX Font Info:    External font `lmex10' loaded for size
(Font)              <10> on input line 65.
LaTeX Font Info:    External font `lmex10' loaded for size
(Font)              <7> on input line 65.
LaTeX Font Info:    External font `lmex10' loaded for size
(Font)              <5> on input line 65.
 (./PhDThesis_CARREAU.mtc1) [10] [11] [12] [13] [14] [15]
Underfull \vbox (badness 10000) has occurred while \output is active []

 [16] <figures/ocrust_model.pdf, id=756, 462.52798pt x 346.89601pt>
File: figures/ocrust_model.pdf Graphic file (type pdf)
 <use figures/ocrust_model.pdf>
Package pdftex.def Info: figures/ocrust_model.pdf used on input line 526.
(pdftex.def)             Requested size: 334.60422pt x 250.96649pt.
 [17] <figures/ocrust_pres.pdf, id=786, 462.52798pt x 346.89601pt>
File: figures/ocrust_pres.pdf Graphic file (type pdf)
 <use figures/ocrust_pres.pdf>
Package pdftex.def Info: figures/ocrust_pres.pdf used on input line 579.
(pdftex.def)             Requested size: 334.60422pt x 250.96649pt.
 [18 <./figures/ocrust_model.pdf>] [19 <./figures/ocrust_pres.pdf>] <figures/clustering.pdf, id=845, 462.52798pt x 346.89601pt>
File: figures/clustering.pdf Graphic file (type pdf)
 <use figures/clustering.pdf>
Package pdftex.def Info: figures/clustering.pdf used on input line 631.
(pdftex.def)             Requested size: 376.42575pt x 282.33398pt.
 [20 <./figures/clustering.pdf>] [21]
Overfull \hbox (2.11453pt too wide) in paragraph at lines 760--780
 [] 
 []

[22] [23] [24] <figures/mm_accuracy.pdf, id=938, 462.52798pt x 346.89601pt>
File: figures/mm_accuracy.pdf Graphic file (type pdf)
 <use figures/mm_accuracy.pdf>
Package pdftex.def Info: figures/mm_accuracy.pdf used on input line 983.
(pdftex.def)             Requested size: 376.42575pt x 282.33398pt.
 [25]
Underfull \vbox (badness 4954) has occurred while \output is active []

 [26 <./figures/mm_accuracy.pdf>] [27] <figures/surf_fit.pdf, id=1001, 462.52798pt x 346.89601pt>
File: figures/surf_fit.pdf Graphic file (type pdf)
 <use figures/surf_fit.pdf>
Package pdftex.def Info: figures/surf_fit.pdf used on input line 1157.
(pdftex.def)             Requested size: 376.42575pt x 282.33398pt.
 [28] <figures/surfenpersurfnuc.pdf, id=1021, 462.52798pt x 346.89601pt>
File: figures/surfenpersurfnuc.pdf Graphic file (type pdf)
 <use figures/surfenpersurfnuc.pdf>
Package pdftex.def Info: figures/surfenpersurfnuc.pdf used on input line 1205.
(pdftex.def)             Requested size: 334.60422pt x 250.96649pt.
 [29 <./figures/surf_fit.pdf>]
Underfull \vbox (badness 10000) has occurred while \output is active []

 [30 <./figures/surfenpersurfnuc.pdf>] [31] [32pdfTeX warning (ext4): destination with the same identifier (name{equation.1.2.70}) has been already used, duplicate ignored

\AtBegShi@Output ...ipout \box \AtBeginShipoutBox 
                                                  \fi \fi 
l.1369 \end{eqnarray}
                     ] [33] [34]
LaTeX Font Info:    Try loading font information for T1+lmtt on input line 1525.
 (/usr/share/texmf/tex/latex/lm/t1lmtt.fd
File: t1lmtt.fd 2009/10/30 v1.6 Font defs for Latin Modern
) <figures/compo_icrust_bsk24.pdf, id=1154, 578.16pt x 433.62pt>
File: figures/compo_icrust_bsk24.pdf Graphic file (type pdf)
 <use figures/compo_icrust_bsk24.pdf>
Package pdftex.def Info: figures/compo_icrust_bsk24.pdf used on input line 1580.
(pdftex.def)             Requested size: 376.42575pt x 282.31943pt.
 [35] [36 <./figures/compo_icrust_bsk24.pdf>] <figures/eos_icrust.pdf, id=1197, 462.52798pt x 346.89601pt>
File: figures/eos_icrust.pdf Graphic file (type pdf)
 <use figures/eos_icrust.pdf>
Package pdftex.def Info: figures/eos_icrust.pdf used on input line 1671.
(pdftex.def)             Requested size: 376.42575pt x 282.33398pt.

Underfull \vbox (badness 10000) has occurred while \output is active []

 [37]
Underfull \vbox (badness 2951) has occurred while \output is active []

 [38 <./figures/eos_icrust.pdf>] [39] <figures/shcorr_bsk24.pdf, id=1257, 462.52798pt x 346.89601pt>
File: figures/shcorr_bsk24.pdf Graphic file (type pdf)
 <use figures/shcorr_bsk24.pdf>
Package pdftex.def Info: figures/shcorr_bsk24.pdf used on input line 1792.
(pdftex.def)             Requested size: 376.42575pt x 282.33398pt.
 [40 <./figures/shcorr_bsk24.pdf>] <figures/icrust_compo_bsk.pdf, id=1284, 462.52798pt x 346.89601pt>
File: figures/icrust_compo_bsk.pdf Graphic file (type pdf)
 <use figures/icrust_compo_bsk.pdf>
Package pdftex.def Info: figures/icrust_compo_bsk.pdf used on input line 1817.
(pdftex.def)             Requested size: 376.42575pt x 282.33398pt.
 [41 <./figures/icrust_compo_bsk.pdf>] [42] <figures/pasta.pdf, id=1347, 462.52798pt x 346.89601pt>
File: figures/pasta.pdf Graphic file (type pdf)
 <use figures/pasta.pdf>
Package pdftex.def Info: figures/pasta.pdf used on input line 1971.
(pdftex.def)             Requested size: 376.42575pt x 282.33398pt.
 [43] [44 <./figures/pasta.pdf>] [45] <figures/sly4_nt.pdf, id=1413, 462.52798pt x 346.89601pt>
File: figures/sly4_nt.pdf Graphic file (type pdf)
 <use figures/sly4_nt.pdf>
Package pdftex.def Info: figures/sly4_nt.pdf used on input line 2084.
(pdftex.def)             Requested size: 334.60422pt x 250.96649pt.

Underfull \vbox (badness 5652) has occurred while \output is active []

 [46 <./figures/sly4_nt.pdf>] <figures/cctp_lsym.pdf, id=1451, 462.52798pt x 346.89601pt>
File: figures/cctp_lsym.pdf Graphic file (type pdf)
 <use figures/cctp_lsym.pdf>
Package pdftex.def Info: figures/cctp_lsym.pdf used on input line 2136.
(pdftex.def)             Requested size: 376.42575pt x 282.33398pt.

Underfull \vbox (badness 1867) has occurred while \output is active []

 [47 <./figures/cctp_lsym.pdf>]
LaTeX Font Info:    External font `lmex10' loaded for size
(Font)              <12> on input line 2187.


Package hyperref Warning: Token not allowed in a PDF string (PDFDocEncoding):
(hyperref)                removing `math shift' on input line 2187.


Package hyperref Warning: Token not allowed in a PDF string (PDFDocEncoding):
(hyperref)                removing `\mu' on input line 2187.


Package hyperref Warning: Token not allowed in a PDF string (PDFDocEncoding):
(hyperref)                removing `math shift' on input line 2187.

[48] <figures/ocore.pdf, id=1510, 462.52798pt x 346.89601pt>
File: figures/ocore.pdf Graphic file (type pdf)
 <use figures/ocore.pdf>
Package pdftex.def Info: figures/ocore.pdf used on input line 2275.
(pdftex.def)             Requested size: 376.42575pt x 282.33398pt.
 [49] [50 <./figures/ocore.pdf>] [51] <figures/unified.pdf, id=1581, 491.436pt x 346.89601pt>
File: figures/unified.pdf Graphic file (type pdf)
 <use figures/unified.pdf>
Package pdftex.def Info: figures/unified.pdf used on input line 2405.
(pdftex.def)             Requested size: 376.42575pt x 265.72392pt.
 [52]
Underfull \vbox (badness 10000) has occurred while \output is active []

 [53 <./figures/unified.pdf>] [54]) (./sections/chapter2.tex [55] [56

]
Chapter 2.
\openout5 = `PhDThesis_CARREAU.mtc'.

\openout5 = `PhDThesis_CARREAU.mtc'.


Underfull \vbox (badness 3942) has occurred while \output is active []

 [57] (./PhDThesis_CARREAU.mtc2) [58] [59] <figures/mr_popular.pdf, id=1754, 462.52798pt x 346.89601pt>
File: figures/mr_popular.pdf Graphic file (type pdf)
 <use figures/mr_popular.pdf>
Package pdftex.def Info: figures/mr_popular.pdf used on input line 201.
(pdftex.def)             Requested size: 376.42575pt x 282.33398pt.
 [60] [61] [62 <./figures/mr_popular.pdf>] <figures/crustmassthick.pdf, id=1802, 462.52798pt x 346.89601pt>
File: figures/crustmassthick.pdf Graphic file (type pdf)
 <use figures/crustmassthick.pdf>
Package pdftex.def Info: figures/crustmassthick.pdf used on input line 276.
(pdftex.def)             Requested size: 376.42575pt x 282.33398pt.

Underfull \vbox (badness 10000) has occurred while \output is active []

 [63 <./figures/crustmassthick.pdf>] <figures/moi_popular.pdf, id=1835, 462.52798pt x 346.89601pt>
File: figures/moi_popular.pdf Graphic file (type pdf)
 <use figures/moi_popular.pdf>
Package pdftex.def Info: figures/moi_popular.pdf used on input line 384.
(pdftex.def)             Requested size: 376.42575pt x 282.33398pt.
 [64] [65 <./figures/moi_popular.pdf>] [66] [67]
Overfull \hbox (7.85103pt too wide) in paragraph at lines 550--554
[]\T1/lmr/m/n/10.95 Let us con-sider a static, spher-i-cally sym-met-ric NS, placed in a static ex-ter-nal quadrupo-
 []

<figures/tidal_popular.pdf, id=1937, 462.52798pt x 346.89601pt>
File: figures/tidal_popular.pdf Graphic file (type pdf)
 <use figures/tidal_popular.pdf>
Package pdftex.def Info: figures/tidal_popular.pdf used on input line 605.
(pdftex.def)             Requested size: 376.42575pt x 282.33398pt.
 [68]
Underfull \vbox (badness 10000) has occurred while \output is active []

 [69 <./figures/tidal_popular.pdf>] [70] [71] [72]
LaTeX Font Info:    Try loading font information for OMS+lmr on input line 862.
 (/usr/share/texmf/tex/latex/lm/omslmr.fd
File: omslmr.fd 2009/10/30 v1.6 Font defs for Latin Modern
)
LaTeX Font Info:    Font shape `OMS/lmr/m/n' in size <8> not available
(Font)              Font shape `OMS/lmsy/m/n' tried instead on input line 862.
LaTeX Font Info:    External font `lmex10' loaded for size
(Font)              <9> on input line 862.
LaTeX Font Info:    Font shape `OMS/lmr/m/n' in size <6> not available
(Font)              Font shape `OMS/lmsy/m/n' tried instead on input line 862.


Package hyperref Warning: Token not allowed in a PDF string (PDFDocEncoding):
(hyperref)                removing `\@ifnextchar' on input line 862.

<figures/sensana.pdf, id=2027, 462.52798pt x 346.89601pt>
File: figures/sensana.pdf Graphic file (type pdf)
 <use figures/sensana.pdf>
Package pdftex.def Info: figures/sensana.pdf used on input line 889.
(pdftex.def)             Requested size: 376.42575pt x 282.33398pt.
 [73]
Underfull \vbox (badness 1603) has occurred while \output is active []

 [74 <./figures/sensana.pdf>] [75] <figures/drischler.pdf, id=2098, 462.52798pt x 346.89601pt>
File: figures/drischler.pdf Graphic file (type pdf)
 <use figures/drischler.pdf>
Package pdftex.def Info: figures/drischler.pdf used on input line 999.
(pdftex.def)             Requested size: 376.42575pt x 282.33398pt.
 [76 <./figures/drischler.pdf>]
LaTeX Font Info:    Font shape `OMS/lmr/m/n' in size <10.95> not available
(Font)              Font shape `OMS/lmsy/m/n' tried instead on input line 1065.
 [77] <figures/is_dist.pdf, id=2154, 578.16pt x 433.62pt>
File: figures/is_dist.pdf Graphic file (type pdf)
 <use figures/is_dist.pdf>
Package pdftex.def Info: figures/is_dist.pdf used on input line 1157.
(pdftex.def)             Requested size: 418.25368pt x 313.68826pt.
 <figures/iv_dist.pdf, id=2159, 578.16pt x 433.62pt>
File: figures/iv_dist.pdf Graphic file (type pdf)
 <use figures/iv_dist.pdf>
Package pdftex.def Info: figures/iv_dist.pdf used on input line 1173.
(pdftex.def)             Requested size: 418.25368pt x 313.68826pt.
 [78] [79 <./figures/is_dist.pdf>] [80 <./figures/iv_dist.pdf>] <figures/cm_ld.pdf, id=2232, 1011.78pt x 505.89pt>
File: figures/cm_ld.pdf Graphic file (type pdf)
 <use figures/cm_ld.pdf>
Package pdftex.def Info: figures/cm_ld.pdf used on input line 1258.
(pdftex.def)             Requested size: 418.25368pt x 209.1299pt.
 <figures/cm_ldhd.pdf, id=2234, 578.16pt x 433.62pt>
File: figures/cm_ldhd.pdf Graphic file (type pdf)
 <use figures/cm_ldhd.pdf>
Package pdftex.def Info: figures/cm_ldhd.pdf used on input line 1283.
(pdftex.def)             Requested size: 376.42575pt x 282.31943pt.
 [81 <./figures/cm_ld.pdf>] [82 <./figures/cm_ldhd.pdf>] [83] <figures/eos_bayes.pdf, id=2306, 462.52798pt x 346.89601pt>
File: figures/eos_bayes.pdf Graphic file (type pdf)
 <use figures/eos_bayes.pdf>
Package pdftex.def Info: figures/eos_bayes.pdf used on input line 1389.
(pdftex.def)             Requested size: 376.42575pt x 282.33398pt.
 [84 <./figures/eos_bayes.pdf>] <figures/mr_bayes.pdf, id=2346, 462.52798pt x 346.89601pt>
File: figures/mr_bayes.pdf Graphic file (type pdf)
 <use figures/mr_bayes.pdf>
Package pdftex.def Info: figures/mr_bayes.pdf used on input line 1438.
(pdftex.def)             Requested size: 376.42575pt x 282.33398pt.
 [85]
Underfull \vbox (badness 1867) has occurred while \output is active []

 [86 <./figures/mr_bayes.pdf>]
Overfull \hbox (8.51695pt too wide) in paragraph at lines 1531--1542
\T1/lmr/m/n/10.95 For the spe-cific case of GW170817, this quan-tity has been well con-strained to $\OMS/lmsy/m/n/10.95 M[] \OT1/lmr/m/n/10.95 =
 []


Overfull \hbox (0.40187pt too wide) in paragraph at lines 1531--1542
\T1/lmr/m/n/10.95 and $\OML/lmm/m/it/10.95 m[]$ \T1/lmr/m/n/10.95 are ob-tained from $\OMS/lmsy/m/n/10.95 M[]$ \T1/lmr/m/n/10.95 and the mass ra-tio $\OML/lmm/m/it/10.95 m[]=m[]$ \T1/lmr/m/n/10.95 (see Fig. 4 of [[][]Abb+17[][]]).
 []

<figures/tidal_bayes.pdf, id=2400, 462.52798pt x 346.89601pt>
File: figures/tidal_bayes.pdf Graphic file (type pdf)
 <use figures/tidal_bayes.pdf>
Package pdftex.def Info: figures/tidal_bayes.pdf used on input line 1545.
(pdftex.def)             Requested size: 376.42575pt x 282.33398pt.
 <figures/lambda14_bayes.pdf, id=2411, 462.52798pt x 346.89601pt>
File: figures/lambda14_bayes.pdf Graphic file (type pdf)
 <use figures/lambda14_bayes.pdf>
Package pdftex.def Info: figures/lambda14_bayes.pdf used on input line 1588.
(pdftex.def)             Requested size: 376.42575pt x 282.33398pt.
 [87]
Underfull \vbox (badness 6300) has occurred while \output is active []

 [88 <./figures/tidal_bayes.pdf>] [89 <./figures/lambda14_bayes.pdf>] <figures/surf_bayes.pdf, id=2481, 462.52798pt x 346.89601pt>
File: figures/surf_bayes.pdf Graphic file (type pdf)
 <use figures/surf_bayes.pdf>
Package pdftex.def Info: figures/surf_bayes.pdf used on input line 1647.
(pdftex.def)             Requested size: 376.42575pt x 282.33398pt.
 [90 <./figures/surf_bayes.pdf>] <figures/corr_ntpt_pars.pdf, id=2520, 462.52798pt x 346.89601pt>
File: figures/corr_ntpt_pars.pdf Graphic file (type pdf)
 <use figures/corr_ntpt_pars.pdf>
Package pdftex.def Info: figures/corr_ntpt_pars.pdf used on input line 1717.
(pdftex.def)             Requested size: 418.25368pt x 313.70679pt.

Underfull \vbox (badness 6445) has occurred while \output is active []

 [91] <figures/ntpt_priorp3.pdf, id=2530, 433.62pt x 433.62pt>
File: figures/ntpt_priorp3.pdf Graphic file (type pdf)
 <use figures/ntpt_priorp3.pdf>
Package pdftex.def Info: figures/ntpt_priorp3.pdf used on input line 1802.
(pdftex.def)             Requested size: 171.90036pt x 171.90327pt.
 <figures/ntpt_hdp3.pdf, id=2531, 433.62pt x 433.62pt>
File: figures/ntpt_hdp3.pdf Graphic file (type pdf)
 <use figures/ntpt_hdp3.pdf>
Package pdftex.def Info: figures/ntpt_hdp3.pdf used on input line 1803.
(pdftex.def)             Requested size: 171.90036pt x 171.90327pt.
 <figures/ntpt_ldp3.pdf, id=2532, 433.62pt x 433.62pt>
File: figures/ntpt_ldp3.pdf Graphic file (type pdf)
 <use figures/ntpt_ldp3.pdf>
Package pdftex.def Info: figures/ntpt_ldp3.pdf used on input line 1804.
(pdftex.def)             Requested size: 171.90036pt x 171.90327pt.
 <figures/ntpt_ldwpresp3.pdf, id=2533, 433.62pt x 433.62pt>
File: figures/ntpt_ldwpresp3.pdf Graphic file (type pdf)
 <use figures/ntpt_ldwpresp3.pdf>
Package pdftex.def Info: figures/ntpt_ldwpresp3.pdf used on input line 1805.
(pdftex.def)             Requested size: 171.90036pt x 171.90327pt.
 <figures/ntpt_ldhdp3.pdf, id=2534, 433.62pt x 433.62pt>
File: figures/ntpt_ldhdp3.pdf Graphic file (type pdf)
 <use figures/ntpt_ldhdp3.pdf>
Package pdftex.def Info: figures/ntpt_ldhdp3.pdf used on input line 1806.
(pdftex.def)             Requested size: 171.90036pt x 171.90327pt.
 <figures/ntpt_marg.pdf, id=2535, 433.62pt x 433.62pt>
File: figures/ntpt_marg.pdf Graphic file (type pdf)
 <use figures/ntpt_marg.pdf>
Package pdftex.def Info: figures/ntpt_marg.pdf used on input line 1807.
(pdftex.def)             Requested size: 171.90036pt x 171.90327pt.
 [92 <./figures/corr_ntpt_pars.pdf>] [93]

LaTeX Warning: Text page 94 contains only floats.


Overfull \vbox (5.81418pt too high) has occurred while \output is active []

 [94 <./figures/ntpt_priorp3.pdf> <./figures/ntpt_hdp3.pdf

pdfTeX warning: pdflatex (file ./figures/ntpt_hdp3.pdf): PDF inclusion: multiple pdfs with page group included in a single page
> <./figures/ntpt_ldp3.pdf

pdfTeX warning: pdflatex (file ./figures/ntpt_ldp3.pdf): PDF inclusion: multiple pdfs with page group included in a single page
> <./figures/ntpt_ldwpresp3.pdf

pdfTeX warning: pdflatex (file ./figures/ntpt_ldwpresp3.pdf): PDF inclusion: multiple pdfs with page group included in a single page
> <./figures/ntpt_ldhdp3.pdf

pdfTeX warning: pdflatex (file ./figures/ntpt_ldhdp3.pdf): PDF inclusion: multiple pdfs with page group included in a single page
> <./figures/ntpt_marg.pdf

pdfTeX warning: pdflatex (file ./figures/ntpt_marg.pdf): PDF inclusion: multiple pdfs with page group included in a single page
>] <figures/ifrac14_vs_lcrust14.pdf, id=2651, 433.62pt x 433.62pt>
File: figures/ifrac14_vs_lcrust14.pdf Graphic file (type pdf)
 <use figures/ifrac14_vs_lcrust14.pdf>
Package pdftex.def Info: figures/ifrac14_vs_lcrust14.pdf used on input line 1882.
(pdftex.def)             Requested size: 334.60422pt x 334.62286pt.

Underfull \vbox (badness 3128) has occurred while \output is active []

 [95 <./figures/ifrac14_vs_lcrust14.pdf>] <figures/mr_from_g_vela.pdf, id=2677, 462.52798pt x 346.89601pt>
File: figures/mr_from_g_vela.pdf Graphic file (type pdf)
 <use figures/mr_from_g_vela.pdf>
Package pdftex.def Info: figures/mr_from_g_vela.pdf used on input line 1917.
(pdftex.def)             Requested size: 376.42575pt x 282.33398pt.

Underfull \vbox (badness 1867) has occurred while \output is active []

 [96 <./figures/mr_from_g_vela.pdf>] <figures/ifrac_vs_m.pdf, id=2715, 462.52798pt x 346.89601pt>
File: figures/ifrac_vs_m.pdf Graphic file (type pdf)
 <use figures/ifrac_vs_m.pdf>
Package pdftex.def Info: figures/ifrac_vs_m.pdf used on input line 1983.
(pdftex.def)             Requested size: 376.42575pt x 282.33398pt.
 [97]
Underfull \vbox (badness 6300) has occurred while \output is active []

 [98 <./figures/ifrac_vs_m.pdf>]) (./sections/chapter3.tex [99] [100

]
Chapter 3.
[101]) (./sections/appendices.tex
Underfull \vbox (badness 10000) has occurred while \output is active []

 [102] [103] [104

]
Appendix A.
[105] [106]
Appendix B.
[107

] [108]
Appendix C.
) [109

] [110

]
Overfull \hbox (12.57996pt too wide) in paragraph at lines 48--48
[]\T1/lmr/m/n/10.95 B. P. Ab-bott et al. ``Prop-er-ties of the Bi-nary Neu-tron Star Merger GW170817''.
 []

[111]
Overfull \hbox (3.94838pt too wide) in paragraph at lines 48--48
[]\T1/lmr/m/n/10.95 Marc Baus and Jean-Pierre Hansen. ``Sta-tis-ti-cal me-chan-ics of sim-ple coulomb
 []


Overfull \hbox (2.49072pt too wide) in paragraph at lines 48--48
[]\T1/lmr/m/n/10.95 Carreau, Thomas, Gul-minelli, Francesca, and Mar-gueron, Jrme. ``Bayesian
 []

[112]
Overfull \hbox (1.73732pt too wide) in paragraph at lines 48--48
[]\T1/lmr/m/n/10.95 P. B. De-mor-est et al. ``A two-solar-mass neu-tron star mea-sured us-ing Shapiro
 []

[113] [114] [115] [116]
Overfull \hbox (16.18066pt too wide) in paragraph at lines 48--48
[]\T1/lmr/m/n/10.95 P. Mller and J.R. Nix. ``Nu-clear masses from a uni-fied macroscopic-microscopic
 []

[117] [118]
Overfull \hbox (16.02777pt too wide) in paragraph at lines 48--48
[]\T1/lmr/m/n/10.95 X. Roca-Maza et al. ``Rel-a-tivis-tic mean-field in-ter-ac-tion with density-dependent
 []

[119]
Overfull \hbox (13.81113pt too wide) in paragraph at lines 48--48
[]\T1/lmr/m/n/10.95 Nobutoshi Ya-su-take, Toshiki Maruyama, and Toshi-taka Tat-sumi. ``Hot hadron-
 []

[120]
Package minitoc Info: I0009
(minitoc)             Listing minitoc auxiliary files. 
(minitoc)             Creating the PhDThesis_CARREAU.maf file.
\openout5 = `PhDThesis_CARREAU.maf'.



Package minitoc(hints) Warning: W0024
(minitoc(hints))                Some hints have been written 
(minitoc(hints))                in the PhDThesis_CARREAU.log file.

Package atveryend Info: Empty hook `BeforeClearDocument' on input line 50.
[121]
Package atveryend Info: Empty hook `AfterLastShipout' on input line 50.
 (./PhDThesis_CARREAU.aux)
Package atveryend Info: Executing hook `AtVeryEndDocument' on input line 50.
Package atveryend Info: Executing hook `AtEndAfterFileList' on input line 50.
Package rerunfilecheck Info: File `PhDThesis_CARREAU.out' has not changed.
(rerunfilecheck)             Checksum: 3D99E7BD52FC9838C50644B66617F800;7651.


LaTeX Warning: There were multiply-defined labels.

Package logreq Info: Writing requests to 'PhDThesis_CARREAU.run.xml'.
\openout1 = `PhDThesis_CARREAU.run.xml'.

Package atveryend Info: Empty hook `AtVeryVeryEnd' on input line 50.
 ) 
Here is how much of TeX's memory you used:
 17262 strings out of 493013
 275779 string characters out of 6135682
 1408258 words of memory out of 5000000
 19757 multiletter control sequences out of 15000+600000
 129700 words of font info for 102 fonts, out of 8000000 for 9000
 1141 hyphenation exceptions out of 8191
 44i,12n,45p,4525b,1284s stack positions out of 5000i,500n,10000p,200000b,80000s
pdfTeX warning (dest): name{Hfootnote.1} has been referenced but does not exist, replaced by a fixed one

{/usr/share/texmf/fonts/enc/dvips/lm/lm-ec.enc}{/usr/share/texmf/fonts/enc/dvips/lm/lm-mathit.enc}{/usr/share/texmf/fonts/enc/dvips/lm/lm-mathsy.enc}{/usr/share/texmf/fonts/enc/dvips/lm/lm-rm.enc}{/usr/share/texmf/fonts/enc/dvips/lm/lm-mathex.enc}</usr/share/texlive/texmf-dist/fonts/type1/public/amsfonts/cm/cmmi10.pfb></usr/share/texlive/texmf-dist/fonts/type1/public/amsfonts/cm/cmmi12.pfb></usr/share/texlive/texmf-dist/fonts/type1/public/amsfonts/cm/cmmi8.pfb></usr/share/texlive/texmf-dist/fonts/type1/public/amsfonts/cm/cmmi9.pfb></usr/share/texlive/texmf-dist/fonts/type1/public/amsfonts/cm/cmr10.pfb></usr/share/texlive/texmf-dist/fonts/type1/public/amsfonts/cm/cmr12.pfb></usr/share/texlive/texmf-dist/fonts/type1/public/amsfonts/cm/cmr17.pfb></usr/share/texlive/texmf-dist/fonts/type1/public/amsfonts/cm/cmr8.pfb></usr/share/texlive/texmf-dist/fonts/type1/public/amsfonts/cm/cmr9.pfb></usr/share/texlive/texmf-dist/fonts/type1/public/amsfonts/cm/cmsy10.pfb></usr/share/texlive/texmf-dist/fonts/type1/public/amsfonts/cm/cmsy8.pfb></usr/share/texlive/texmf-dist/fonts/type1/public/amsfonts/cm/cmsy9.pfb></usr/share/texlive/texmf-dist/fonts/type1/public/amsfonts/cm/cmti10.pfb></usr/share/texlive/texmf-dist/fonts/type1/public/amsfonts/cm/cmti12.pfb></usr/share/texlive/texmf-dist/fonts/type1/public/amsfonts/cm/cmti8.pfb></usr/share/texmf/fonts/type1/public/lm/lmbx10.pfb></usr/share/texmf/fonts/type1/public/lm/lmbx12.pfb></usr/share/texmf/fonts/type1/public/lm/lmbx9.pfb></usr/share/texmf/fonts/type1/public/lm/lmbxi10.pfb></usr/share/texmf/fonts/type1/public/lm/lmcsc10.pfb></usr/share/texmf/fonts/type1/public/lm/lmex10.pfb></usr/share/texmf/fonts/type1/public/lm/lmmi10.pfb></usr/share/texmf/fonts/type1/public/lm/lmmi12.pfb></usr/share/texmf/fonts/type1/public/lm/lmmi6.pfb></usr/share/texmf/fonts/type1/public/lm/lmmi8.pfb></usr/share/texmf/fonts/type1/public/lm/lmmib10.pfb></usr/share/texmf/fonts/type1/public/lm/lmr10.pfb></usr/share/texmf/fonts/type1/public/lm/lmr6.pfb></usr/shar
e/texmf/fonts/type1/public/lm/lmr8.pfb></usr/share/texmf/fonts/type1/public/lm/lmr9.pfb></usr/share/texmf/fonts/type1/public/lm/lmri10.pfb></usr/share/texmf/fonts/type1/public/lm/lmsy10.pfb></usr/share/texmf/fonts/type1/public/lm/lmsy6.pfb></usr/share/texmf/fonts/type1/public/lm/lmsy8.pfb></usr/share/texmf/fonts/type1/public/lm/lmtt10.pfb></usr/share/texlive/texmf-dist/fonts/type1/public/amsfonts/symbols/msam10.pfb></usr/share/texlive/texmf-dist/fonts/type1/public/amsfonts/symbols/msbm10.pfb>
Output written on PhDThesis_CARREAU.pdf (121 pages, 1877229 bytes).
PDF statistics:
 3305 PDF objects out of 3580 (max. 8388607)
 2991 compressed objects within 30 object streams
 532 named destinations out of 1000 (max. 500000)
 857 words of extra memory for PDF output out of 10000 (max. 10000000)

