\BOOKMARK [0][-]{chapter.1}{Structure and equation of state of cold non-accreting neutron stars}{}% 1
\BOOKMARK [1][-]{section.1.1}{Ground state of the outer crust}{chapter.1}% 2
\BOOKMARK [2][-]{subsection.1.1.1}{Wigner-Seitz cell energetics}{section.1.1}% 3
\BOOKMARK [3][-]{subsubsection.1.1.1.1}{Nuclear mass tables}{subsection.1.1.1}% 4
\BOOKMARK [3][-]{subsubsection.1.1.1.2}{Relativistic electron gas}{subsection.1.1.1}% 5
\BOOKMARK [2][-]{subsection.1.1.2}{The BPS model}{section.1.1}% 6
\BOOKMARK [2][-]{subsection.1.1.3}{Equilibrium composition and equation of state}{section.1.1}% 7
\BOOKMARK [1][-]{section.1.2}{Ground state of the inner crust}{chapter.1}% 8
\BOOKMARK [2][-]{subsection.1.2.1}{Modeling the nuclear energy}{section.1.2}% 9
\BOOKMARK [3][-]{subsubsection.1.2.1.1}{Metamodeling of homogeneous nuclear matter}{subsection.1.2.1}% 10
\BOOKMARK [3][-]{subsubsection.1.2.1.2}{From homogeneous nuclear matter to finite nuclei in the CLD approximation}{subsection.1.2.1}% 11
\BOOKMARK [2][-]{subsection.1.2.2}{Variational formalism}{section.1.2}% 12
\BOOKMARK [2][-]{subsection.1.2.3}{Results}{section.1.2}% 13
\BOOKMARK [3][-]{subsubsection.1.2.3.1}{Numerical code}{subsection.1.2.3}% 14
\BOOKMARK [3][-]{subsubsection.1.2.3.2}{Equilibrium composition}{subsection.1.2.3}% 15
\BOOKMARK [3][-]{subsubsection.1.2.3.3}{Equation of state}{subsection.1.2.3}% 16
\BOOKMARK [2][-]{subsection.1.2.4}{Strutinsky shell corrections to the CLD energy}{section.1.2}% 17
\BOOKMARK [2][-]{subsection.1.2.5}{Nonspherical pasta phases}{section.1.2}% 18
\BOOKMARK [2][-]{subsection.1.2.6}{Crust-core transition from the crust side}{section.1.2}% 19
\BOOKMARK [1][-]{section.1.3}{Matter of the core}{chapter.1}% 20
\BOOKMARK [2][-]{subsection.1.3.1}{Outer core: homogeneous npe matter}{section.1.3}% 21
\BOOKMARK [3][-]{subsubsection.1.3.1.1}{Variational equations}{subsection.1.3.1}% 22
\BOOKMARK [3][-]{subsubsection.1.3.1.2}{Equilibrium composition and equation of state}{subsection.1.3.1}% 23
\BOOKMARK [2][-]{subsection.1.3.2}{Inner core}{section.1.3}% 24
\BOOKMARK [1][-]{section.1.4}{Unified metamodeling of the equation of state}{chapter.1}% 25
\BOOKMARK [1][-]{section.1.5}{Conclusion}{chapter.1}% 26
\BOOKMARK [0][-]{appendix.A}{Energy density of a relativistic electron gas}{}% 27
\BOOKMARK [0][-]{appendix.B}{Neutron and proton chemical potentials in the metamodel}{}% 28
\BOOKMARK [0][-]{appendix.C}{Total pressure in the inner crust}{}% 29
\BOOKMARK [0][-]{appendix*.4}{Bibliography}{}% 30
